Started GET "/" for 127.0.0.1 at 2017-05-25 15:23:12 +0700
Processing by Rails::WelcomeController#index as HTML
  Rendering /var/lib/gems/2.3.0/gems/railties-5.1.1/lib/rails/templates/rails/welcome/index.html.erb
  Rendered /var/lib/gems/2.3.0/gems/railties-5.1.1/lib/rails/templates/rails/welcome/index.html.erb (4.4ms)
Completed 200 OK in 191ms (Views: 8.4ms)


Started GET "/" for 127.0.0.1 at 2017-05-25 15:24:06 +0700
Processing by RecipesController#index as HTML
Completed 500 Internal Server Error in 4ms


  
NameError (uninitialized constant Recipe::HTTParty):
  
app/models/recipe.rb:5:in `<class:Recipe>'
app/models/recipe.rb:4:in `<top (required)>'
app/controllers/recipes_controller.rb:4:in `index'
Started GET "/" for 127.0.0.1 at 2017-05-25 15:27:35 +0700
Processing by RecipesController#index as HTML
  Rendering recipes/index.html.erb within layouts/application
  Rendered recipes/index.html.erb within layouts/application (4.7ms)
Completed 200 OK in 1905ms (Views: 616.2ms)


Started GET "/?search=mocha" for 127.0.0.1 at 2017-05-25 15:53:47 +0700
  
ActionController::RoutingError (uninitialized constant RecipesController):
  
activesupport (5.1.1) lib/active_support/inflector/methods.rb:269:in `const_get'
activesupport (5.1.1) lib/active_support/inflector/methods.rb:269:in `block in constantize'
activesupport (5.1.1) lib/active_support/inflector/methods.rb:267:in `each'
activesupport (5.1.1) lib/active_support/inflector/methods.rb:267:in `inject'
activesupport (5.1.1) lib/active_support/inflector/methods.rb:267:in `constantize'
actionpack (5.1.1) lib/action_dispatch/http/request.rb:82:in `controller_class'
actionpack (5.1.1) lib/action_dispatch/routing/route_set.rb:43:in `controller'
actionpack (5.1.1) lib/action_dispatch/routing/route_set.rb:29:in `serve'
actionpack (5.1.1) lib/action_dispatch/journey/router.rb:46:in `block in serve'
actionpack (5.1.1) lib/action_dispatch/journey/router.rb:33:in `each'
actionpack (5.1.1) lib/action_dispatch/journey/router.rb:33:in `serve'
actionpack (5.1.1) lib/action_dispatch/routing/route_set.rb:832:in `call'
rack (2.0.3) lib/rack/etag.rb:25:in `call'
rack (2.0.3) lib/rack/conditional_get.rb:25:in `call'
rack (2.0.3) lib/rack/head.rb:12:in `call'
rack (2.0.3) lib/rack/session/abstract/id.rb:232:in `context'
rack (2.0.3) lib/rack/session/abstract/id.rb:226:in `call'
actionpack (5.1.1) lib/action_dispatch/middleware/cookies.rb:613:in `call'
activerecord (5.1.1) lib/active_record/migration.rb:556:in `call'
actionpack (5.1.1) lib/action_dispatch/middleware/callbacks.rb:26:in `block in call'
activesupport (5.1.1) lib/active_support/callbacks.rb:97:in `run_callbacks'
actionpack (5.1.1) lib/action_dispatch/middleware/callbacks.rb:24:in `call'
actionpack (5.1.1) lib/action_dispatch/middleware/executor.rb:12:in `call'
actionpack (5.1.1) lib/action_dispatch/middleware/debug_exceptions.rb:59:in `call'
web-console (3.5.1) lib/web_console/middleware.rb:135:in `call_app'
web-console (3.5.1) lib/web_console/middleware.rb:28:in `block in call'
web-console (3.5.1) lib/web_console/middleware.rb:18:in `catch'
web-console (3.5.1) lib/web_console/middleware.rb:18:in `call'
actionpack (5.1.1) lib/action_dispatch/middleware/show_exceptions.rb:31:in `call'
railties (5.1.1) lib/rails/rack/logger.rb:36:in `call_app'
railties (5.1.1) lib/rails/rack/logger.rb:24:in `block in call'
activesupport (5.1.1) lib/active_support/tagged_logging.rb:69:in `block in tagged'
activesupport (5.1.1) lib/active_support/tagged_logging.rb:26:in `tagged'
activesupport (5.1.1) lib/active_support/tagged_logging.rb:69:in `tagged'
railties (5.1.1) lib/rails/rack/logger.rb:24:in `call'
sprockets-rails (3.2.0) lib/sprockets/rails/quiet_assets.rb:13:in `call'
actionpack (5.1.1) lib/action_dispatch/middleware/remote_ip.rb:79:in `call'
actionpack (5.1.1) lib/action_dispatch/middleware/request_id.rb:25:in `call'
rack (2.0.3) lib/rack/method_override.rb:22:in `call'
rack (2.0.3) lib/rack/runtime.rb:22:in `call'
activesupport (5.1.1) lib/active_support/cache/strategy/local_cache_middleware.rb:27:in `call'
actionpack (5.1.1) lib/action_dispatch/middleware/executor.rb:12:in `call'
actionpack (5.1.1) lib/action_dispatch/middleware/static.rb:125:in `call'
rack (2.0.3) lib/rack/sendfile.rb:111:in `call'
railties (5.1.1) lib/rails/engine.rb:522:in `call'
puma (3.8.2) lib/puma/configuration.rb:224:in `call'
puma (3.8.2) lib/puma/server.rb:600:in `handle_request'
puma (3.8.2) lib/puma/server.rb:435:in `process_client'
puma (3.8.2) lib/puma/server.rb:299:in `block in run'
puma (3.8.2) lib/puma/thread_pool.rb:120:in `block in spawn_thread'
Started GET "/" for 127.0.0.1 at 2017-05-25 15:53:50 +0700
  
ActionController::RoutingError (uninitialized constant RecipesController):
  
activesupport (5.1.1) lib/active_support/inflector/methods.rb:269:in `const_get'
activesupport (5.1.1) lib/active_support/inflector/methods.rb:269:in `block in constantize'
activesupport (5.1.1) lib/active_support/inflector/methods.rb:267:in `each'
activesupport (5.1.1) lib/active_support/inflector/methods.rb:267:in `inject'
activesupport (5.1.1) lib/active_support/inflector/methods.rb:267:in `constantize'
actionpack (5.1.1) lib/action_dispatch/http/request.rb:82:in `controller_class'
actionpack (5.1.1) lib/action_dispatch/routing/route_set.rb:43:in `controller'
actionpack (5.1.1) lib/action_dispatch/routing/route_set.rb:29:in `serve'
actionpack (5.1.1) lib/action_dispatch/journey/router.rb:46:in `block in serve'
actionpack (5.1.1) lib/action_dispatch/journey/router.rb:33:in `each'
actionpack (5.1.1) lib/action_dispatch/journey/router.rb:33:in `serve'
actionpack (5.1.1) lib/action_dispatch/routing/route_set.rb:832:in `call'
rack (2.0.3) lib/rack/etag.rb:25:in `call'
rack (2.0.3) lib/rack/conditional_get.rb:25:in `call'
rack (2.0.3) lib/rack/head.rb:12:in `call'
rack (2.0.3) lib/rack/session/abstract/id.rb:232:in `context'
rack (2.0.3) lib/rack/session/abstract/id.rb:226:in `call'
actionpack (5.1.1) lib/action_dispatch/middleware/cookies.rb:613:in `call'
activerecord (5.1.1) lib/active_record/migration.rb:556:in `call'
actionpack (5.1.1) lib/action_dispatch/middleware/callbacks.rb:26:in `block in call'
activesupport (5.1.1) lib/active_support/callbacks.rb:97:in `run_callbacks'
actionpack (5.1.1) lib/action_dispatch/middleware/callbacks.rb:24:in `call'
actionpack (5.1.1) lib/action_dispatch/middleware/executor.rb:12:in `call'
actionpack (5.1.1) lib/action_dispatch/middleware/debug_exceptions.rb:59:in `call'
web-console (3.5.1) lib/web_console/middleware.rb:135:in `call_app'
web-console (3.5.1) lib/web_console/middleware.rb:28:in `block in call'
web-console (3.5.1) lib/web_console/middleware.rb:18:in `catch'
web-console (3.5.1) lib/web_console/middleware.rb:18:in `call'
actionpack (5.1.1) lib/action_dispatch/middleware/show_exceptions.rb:31:in `call'
railties (5.1.1) lib/rails/rack/logger.rb:36:in `call_app'
railties (5.1.1) lib/rails/rack/logger.rb:24:in `block in call'
activesupport (5.1.1) lib/active_support/tagged_logging.rb:69:in `block in tagged'
activesupport (5.1.1) lib/active_support/tagged_logging.rb:26:in `tagged'
activesupport (5.1.1) lib/active_support/tagged_logging.rb:69:in `tagged'
railties (5.1.1) lib/rails/rack/logger.rb:24:in `call'
sprockets-rails (3.2.0) lib/sprockets/rails/quiet_assets.rb:13:in `call'
actionpack (5.1.1) lib/action_dispatch/middleware/remote_ip.rb:79:in `call'
actionpack (5.1.1) lib/action_dispatch/middleware/request_id.rb:25:in `call'
rack (2.0.3) lib/rack/method_override.rb:22:in `call'
rack (2.0.3) lib/rack/runtime.rb:22:in `call'
activesupport (5.1.1) lib/active_support/cache/strategy/local_cache_middleware.rb:27:in `call'
actionpack (5.1.1) lib/action_dispatch/middleware/executor.rb:12:in `call'
actionpack (5.1.1) lib/action_dispatch/middleware/static.rb:125:in `call'
rack (2.0.3) lib/rack/sendfile.rb:111:in `call'
railties (5.1.1) lib/rails/engine.rb:522:in `call'
puma (3.8.2) lib/puma/configuration.rb:224:in `call'
puma (3.8.2) lib/puma/server.rb:600:in `handle_request'
puma (3.8.2) lib/puma/server.rb:435:in `process_client'
puma (3.8.2) lib/puma/server.rb:299:in `block in run'
puma (3.8.2) lib/puma/thread_pool.rb:120:in `block in spawn_thread'
Started GET "/" for 127.0.0.1 at 2017-05-25 15:53:52 +0700
  
ActionController::RoutingError (uninitialized constant RecipesController):
  
activesupport (5.1.1) lib/active_support/inflector/methods.rb:269:in `const_get'
activesupport (5.1.1) lib/active_support/inflector/methods.rb:269:in `block in constantize'
activesupport (5.1.1) lib/active_support/inflector/methods.rb:267:in `each'
activesupport (5.1.1) lib/active_support/inflector/methods.rb:267:in `inject'
activesupport (5.1.1) lib/active_support/inflector/methods.rb:267:in `constantize'
actionpack (5.1.1) lib/action_dispatch/http/request.rb:82:in `controller_class'
actionpack (5.1.1) lib/action_dispatch/routing/route_set.rb:43:in `controller'
actionpack (5.1.1) lib/action_dispatch/routing/route_set.rb:29:in `serve'
actionpack (5.1.1) lib/action_dispatch/journey/router.rb:46:in `block in serve'
actionpack (5.1.1) lib/action_dispatch/journey/router.rb:33:in `each'
actionpack (5.1.1) lib/action_dispatch/journey/router.rb:33:in `serve'
actionpack (5.1.1) lib/action_dispatch/routing/route_set.rb:832:in `call'
rack (2.0.3) lib/rack/etag.rb:25:in `call'
rack (2.0.3) lib/rack/conditional_get.rb:25:in `call'
rack (2.0.3) lib/rack/head.rb:12:in `call'
rack (2.0.3) lib/rack/session/abstract/id.rb:232:in `context'
rack (2.0.3) lib/rack/session/abstract/id.rb:226:in `call'
actionpack (5.1.1) lib/action_dispatch/middleware/cookies.rb:613:in `call'
activerecord (5.1.1) lib/active_record/migration.rb:556:in `call'
actionpack (5.1.1) lib/action_dispatch/middleware/callbacks.rb:26:in `block in call'
activesupport (5.1.1) lib/active_support/callbacks.rb:97:in `run_callbacks'
actionpack (5.1.1) lib/action_dispatch/middleware/callbacks.rb:24:in `call'
actionpack (5.1.1) lib/action_dispatch/middleware/executor.rb:12:in `call'
actionpack (5.1.1) lib/action_dispatch/middleware/debug_exceptions.rb:59:in `call'
web-console (3.5.1) lib/web_console/middleware.rb:135:in `call_app'
web-console (3.5.1) lib/web_console/middleware.rb:28:in `block in call'
web-console (3.5.1) lib/web_console/middleware.rb:18:in `catch'
web-console (3.5.1) lib/web_console/middleware.rb:18:in `call'
actionpack (5.1.1) lib/action_dispatch/middleware/show_exceptions.rb:31:in `call'
railties (5.1.1) lib/rails/rack/logger.rb:36:in `call_app'
railties (5.1.1) lib/rails/rack/logger.rb:24:in `block in call'
activesupport (5.1.1) lib/active_support/tagged_logging.rb:69:in `block in tagged'
activesupport (5.1.1) lib/active_support/tagged_logging.rb:26:in `tagged'
activesupport (5.1.1) lib/active_support/tagged_logging.rb:69:in `tagged'
railties (5.1.1) lib/rails/rack/logger.rb:24:in `call'
sprockets-rails (3.2.0) lib/sprockets/rails/quiet_assets.rb:13:in `call'
actionpack (5.1.1) lib/action_dispatch/middleware/remote_ip.rb:79:in `call'
actionpack (5.1.1) lib/action_dispatch/middleware/request_id.rb:25:in `call'
rack (2.0.3) lib/rack/method_override.rb:22:in `call'
rack (2.0.3) lib/rack/runtime.rb:22:in `call'
activesupport (5.1.1) lib/active_support/cache/strategy/local_cache_middleware.rb:27:in `call'
actionpack (5.1.1) lib/action_dispatch/middleware/executor.rb:12:in `call'
actionpack (5.1.1) lib/action_dispatch/middleware/static.rb:125:in `call'
rack (2.0.3) lib/rack/sendfile.rb:111:in `call'
railties (5.1.1) lib/rails/engine.rb:522:in `call'
puma (3.8.2) lib/puma/configuration.rb:224:in `call'
puma (3.8.2) lib/puma/server.rb:600:in `handle_request'
puma (3.8.2) lib/puma/server.rb:435:in `process_client'
puma (3.8.2) lib/puma/server.rb:299:in `block in run'
puma (3.8.2) lib/puma/thread_pool.rb:120:in `block in spawn_thread'
Started GET "/" for 127.0.0.1 at 2017-05-25 15:53:54 +0700
  
ActionController::RoutingError (uninitialized constant RecipesController):
  
activesupport (5.1.1) lib/active_support/inflector/methods.rb:269:in `const_get'
activesupport (5.1.1) lib/active_support/inflector/methods.rb:269:in `block in constantize'
activesupport (5.1.1) lib/active_support/inflector/methods.rb:267:in `each'
activesupport (5.1.1) lib/active_support/inflector/methods.rb:267:in `inject'
activesupport (5.1.1) lib/active_support/inflector/methods.rb:267:in `constantize'
actionpack (5.1.1) lib/action_dispatch/http/request.rb:82:in `controller_class'
actionpack (5.1.1) lib/action_dispatch/routing/route_set.rb:43:in `controller'
actionpack (5.1.1) lib/action_dispatch/routing/route_set.rb:29:in `serve'
actionpack (5.1.1) lib/action_dispatch/journey/router.rb:46:in `block in serve'
actionpack (5.1.1) lib/action_dispatch/journey/router.rb:33:in `each'
actionpack (5.1.1) lib/action_dispatch/journey/router.rb:33:in `serve'
actionpack (5.1.1) lib/action_dispatch/routing/route_set.rb:832:in `call'
rack (2.0.3) lib/rack/etag.rb:25:in `call'
rack (2.0.3) lib/rack/conditional_get.rb:25:in `call'
rack (2.0.3) lib/rack/head.rb:12:in `call'
rack (2.0.3) lib/rack/session/abstract/id.rb:232:in `context'
rack (2.0.3) lib/rack/session/abstract/id.rb:226:in `call'
actionpack (5.1.1) lib/action_dispatch/middleware/cookies.rb:613:in `call'
activerecord (5.1.1) lib/active_record/migration.rb:556:in `call'
actionpack (5.1.1) lib/action_dispatch/middleware/callbacks.rb:26:in `block in call'
activesupport (5.1.1) lib/active_support/callbacks.rb:97:in `run_callbacks'
actionpack (5.1.1) lib/action_dispatch/middleware/callbacks.rb:24:in `call'
actionpack (5.1.1) lib/action_dispatch/middleware/executor.rb:12:in `call'
actionpack (5.1.1) lib/action_dispatch/middleware/debug_exceptions.rb:59:in `call'
web-console (3.5.1) lib/web_console/middleware.rb:135:in `call_app'
web-console (3.5.1) lib/web_console/middleware.rb:28:in `block in call'
web-console (3.5.1) lib/web_console/middleware.rb:18:in `catch'
web-console (3.5.1) lib/web_console/middleware.rb:18:in `call'
actionpack (5.1.1) lib/action_dispatch/middleware/show_exceptions.rb:31:in `call'
railties (5.1.1) lib/rails/rack/logger.rb:36:in `call_app'
railties (5.1.1) lib/rails/rack/logger.rb:24:in `block in call'
activesupport (5.1.1) lib/active_support/tagged_logging.rb:69:in `block in tagged'
activesupport (5.1.1) lib/active_support/tagged_logging.rb:26:in `tagged'
activesupport (5.1.1) lib/active_support/tagged_logging.rb:69:in `tagged'
railties (5.1.1) lib/rails/rack/logger.rb:24:in `call'
sprockets-rails (3.2.0) lib/sprockets/rails/quiet_assets.rb:13:in `call'
actionpack (5.1.1) lib/action_dispatch/middleware/remote_ip.rb:79:in `call'
actionpack (5.1.1) lib/action_dispatch/middleware/request_id.rb:25:in `call'
rack (2.0.3) lib/rack/method_override.rb:22:in `call'
rack (2.0.3) lib/rack/runtime.rb:22:in `call'
activesupport (5.1.1) lib/active_support/cache/strategy/local_cache_middleware.rb:27:in `call'
actionpack (5.1.1) lib/action_dispatch/middleware/executor.rb:12:in `call'
actionpack (5.1.1) lib/action_dispatch/middleware/static.rb:125:in `call'
rack (2.0.3) lib/rack/sendfile.rb:111:in `call'
railties (5.1.1) lib/rails/engine.rb:522:in `call'
puma (3.8.2) lib/puma/configuration.rb:224:in `call'
puma (3.8.2) lib/puma/server.rb:600:in `handle_request'
puma (3.8.2) lib/puma/server.rb:435:in `process_client'
puma (3.8.2) lib/puma/server.rb:299:in `block in run'
puma (3.8.2) lib/puma/thread_pool.rb:120:in `block in spawn_thread'
Started GET "/" for 127.0.0.1 at 2017-05-25 15:53:56 +0700
  
ActionController::RoutingError (uninitialized constant RecipesController):
  
activesupport (5.1.1) lib/active_support/inflector/methods.rb:269:in `const_get'
activesupport (5.1.1) lib/active_support/inflector/methods.rb:269:in `block in constantize'
activesupport (5.1.1) lib/active_support/inflector/methods.rb:267:in `each'
activesupport (5.1.1) lib/active_support/inflector/methods.rb:267:in `inject'
activesupport (5.1.1) lib/active_support/inflector/methods.rb:267:in `constantize'
actionpack (5.1.1) lib/action_dispatch/http/request.rb:82:in `controller_class'
actionpack (5.1.1) lib/action_dispatch/routing/route_set.rb:43:in `controller'
actionpack (5.1.1) lib/action_dispatch/routing/route_set.rb:29:in `serve'
actionpack (5.1.1) lib/action_dispatch/journey/router.rb:46:in `block in serve'
actionpack (5.1.1) lib/action_dispatch/journey/router.rb:33:in `each'
actionpack (5.1.1) lib/action_dispatch/journey/router.rb:33:in `serve'
actionpack (5.1.1) lib/action_dispatch/routing/route_set.rb:832:in `call'
rack (2.0.3) lib/rack/etag.rb:25:in `call'
rack (2.0.3) lib/rack/conditional_get.rb:25:in `call'
rack (2.0.3) lib/rack/head.rb:12:in `call'
rack (2.0.3) lib/rack/session/abstract/id.rb:232:in `context'
rack (2.0.3) lib/rack/session/abstract/id.rb:226:in `call'
actionpack (5.1.1) lib/action_dispatch/middleware/cookies.rb:613:in `call'
activerecord (5.1.1) lib/active_record/migration.rb:556:in `call'
actionpack (5.1.1) lib/action_dispatch/middleware/callbacks.rb:26:in `block in call'
activesupport (5.1.1) lib/active_support/callbacks.rb:97:in `run_callbacks'
actionpack (5.1.1) lib/action_dispatch/middleware/callbacks.rb:24:in `call'
actionpack (5.1.1) lib/action_dispatch/middleware/executor.rb:12:in `call'
actionpack (5.1.1) lib/action_dispatch/middleware/debug_exceptions.rb:59:in `call'
web-console (3.5.1) lib/web_console/middleware.rb:135:in `call_app'
web-console (3.5.1) lib/web_console/middleware.rb:28:in `block in call'
web-console (3.5.1) lib/web_console/middleware.rb:18:in `catch'
web-console (3.5.1) lib/web_console/middleware.rb:18:in `call'
actionpack (5.1.1) lib/action_dispatch/middleware/show_exceptions.rb:31:in `call'
railties (5.1.1) lib/rails/rack/logger.rb:36:in `call_app'
railties (5.1.1) lib/rails/rack/logger.rb:24:in `block in call'
activesupport (5.1.1) lib/active_support/tagged_logging.rb:69:in `block in tagged'
activesupport (5.1.1) lib/active_support/tagged_logging.rb:26:in `tagged'
activesupport (5.1.1) lib/active_support/tagged_logging.rb:69:in `tagged'
railties (5.1.1) lib/rails/rack/logger.rb:24:in `call'
sprockets-rails (3.2.0) lib/sprockets/rails/quiet_assets.rb:13:in `call'
actionpack (5.1.1) lib/action_dispatch/middleware/remote_ip.rb:79:in `call'
actionpack (5.1.1) lib/action_dispatch/middleware/request_id.rb:25:in `call'
rack (2.0.3) lib/rack/method_override.rb:22:in `call'
rack (2.0.3) lib/rack/runtime.rb:22:in `call'
activesupport (5.1.1) lib/active_support/cache/strategy/local_cache_middleware.rb:27:in `call'
actionpack (5.1.1) lib/action_dispatch/middleware/executor.rb:12:in `call'
actionpack (5.1.1) lib/action_dispatch/middleware/static.rb:125:in `call'
rack (2.0.3) lib/rack/sendfile.rb:111:in `call'
railties (5.1.1) lib/rails/engine.rb:522:in `call'
puma (3.8.2) lib/puma/configuration.rb:224:in `call'
puma (3.8.2) lib/puma/server.rb:600:in `handle_request'
puma (3.8.2) lib/puma/server.rb:435:in `process_client'
puma (3.8.2) lib/puma/server.rb:299:in `block in run'
puma (3.8.2) lib/puma/thread_pool.rb:120:in `block in spawn_thread'
Started GET "/" for 127.0.0.1 at 2017-05-25 15:53:58 +0700
  
ActionController::RoutingError (uninitialized constant RecipesController):
  
activesupport (5.1.1) lib/active_support/inflector/methods.rb:269:in `const_get'
activesupport (5.1.1) lib/active_support/inflector/methods.rb:269:in `block in constantize'
activesupport (5.1.1) lib/active_support/inflector/methods.rb:267:in `each'
activesupport (5.1.1) lib/active_support/inflector/methods.rb:267:in `inject'
activesupport (5.1.1) lib/active_support/inflector/methods.rb:267:in `constantize'
actionpack (5.1.1) lib/action_dispatch/http/request.rb:82:in `controller_class'
actionpack (5.1.1) lib/action_dispatch/routing/route_set.rb:43:in `controller'
actionpack (5.1.1) lib/action_dispatch/routing/route_set.rb:29:in `serve'
actionpack (5.1.1) lib/action_dispatch/journey/router.rb:46:in `block in serve'
actionpack (5.1.1) lib/action_dispatch/journey/router.rb:33:in `each'
actionpack (5.1.1) lib/action_dispatch/journey/router.rb:33:in `serve'
actionpack (5.1.1) lib/action_dispatch/routing/route_set.rb:832:in `call'
rack (2.0.3) lib/rack/etag.rb:25:in `call'
rack (2.0.3) lib/rack/conditional_get.rb:25:in `call'
rack (2.0.3) lib/rack/head.rb:12:in `call'
rack (2.0.3) lib/rack/session/abstract/id.rb:232:in `context'
rack (2.0.3) lib/rack/session/abstract/id.rb:226:in `call'
actionpack (5.1.1) lib/action_dispatch/middleware/cookies.rb:613:in `call'
activerecord (5.1.1) lib/active_record/migration.rb:556:in `call'
actionpack (5.1.1) lib/action_dispatch/middleware/callbacks.rb:26:in `block in call'
activesupport (5.1.1) lib/active_support/callbacks.rb:97:in `run_callbacks'
actionpack (5.1.1) lib/action_dispatch/middleware/callbacks.rb:24:in `call'
actionpack (5.1.1) lib/action_dispatch/middleware/executor.rb:12:in `call'
actionpack (5.1.1) lib/action_dispatch/middleware/debug_exceptions.rb:59:in `call'
web-console (3.5.1) lib/web_console/middleware.rb:135:in `call_app'
web-console (3.5.1) lib/web_console/middleware.rb:28:in `block in call'
web-console (3.5.1) lib/web_console/middleware.rb:18:in `catch'
web-console (3.5.1) lib/web_console/middleware.rb:18:in `call'
actionpack (5.1.1) lib/action_dispatch/middleware/show_exceptions.rb:31:in `call'
railties (5.1.1) lib/rails/rack/logger.rb:36:in `call_app'
railties (5.1.1) lib/rails/rack/logger.rb:24:in `block in call'
activesupport (5.1.1) lib/active_support/tagged_logging.rb:69:in `block in tagged'
activesupport (5.1.1) lib/active_support/tagged_logging.rb:26:in `tagged'
activesupport (5.1.1) lib/active_support/tagged_logging.rb:69:in `tagged'
railties (5.1.1) lib/rails/rack/logger.rb:24:in `call'
sprockets-rails (3.2.0) lib/sprockets/rails/quiet_assets.rb:13:in `call'
actionpack (5.1.1) lib/action_dispatch/middleware/remote_ip.rb:79:in `call'
actionpack (5.1.1) lib/action_dispatch/middleware/request_id.rb:25:in `call'
rack (2.0.3) lib/rack/method_override.rb:22:in `call'
rack (2.0.3) lib/rack/runtime.rb:22:in `call'
activesupport (5.1.1) lib/active_support/cache/strategy/local_cache_middleware.rb:27:in `call'
actionpack (5.1.1) lib/action_dispatch/middleware/executor.rb:12:in `call'
actionpack (5.1.1) lib/action_dispatch/middleware/static.rb:125:in `call'
rack (2.0.3) lib/rack/sendfile.rb:111:in `call'
railties (5.1.1) lib/rails/engine.rb:522:in `call'
puma (3.8.2) lib/puma/configuration.rb:224:in `call'
puma (3.8.2) lib/puma/server.rb:600:in `handle_request'
puma (3.8.2) lib/puma/server.rb:435:in `process_client'
puma (3.8.2) lib/puma/server.rb:299:in `block in run'
puma (3.8.2) lib/puma/thread_pool.rb:120:in `block in spawn_thread'
Started GET "/?search=mocha" for 127.0.0.1 at 2017-05-25 15:57:27 +0700
Processing by RecipesController#index as HTML
  Parameters: {"search"=>"mocha"}
  Rendering recipes/index.html.erb within layouts/application
  Rendered recipes/index.html.erb within layouts/application (3.4ms)
Completed 200 OK in 1952ms (Views: 245.4ms)


Started GET "/" for 127.0.0.1 at 2017-05-25 15:57:33 +0700
Processing by RecipesController#index as HTML
  Rendering recipes/index.html.erb within layouts/application
  Rendered recipes/index.html.erb within layouts/application (4.5ms)
Completed 200 OK in 1097ms (Views: 29.0ms)


Started GET "/" for 127.0.0.1 at 2017-05-25 15:57:35 +0700
Processing by RecipesController#index as HTML
  Rendering recipes/index.html.erb within layouts/application
  Rendered recipes/index.html.erb within layouts/application (5.5ms)
Completed 200 OK in 1130ms (Views: 42.0ms)


Started GET "/" for 127.0.0.1 at 2017-05-25 15:57:36 +0700
Processing by RecipesController#index as HTML
  Rendering recipes/index.html.erb within layouts/application
  Rendered recipes/index.html.erb within layouts/application (6.1ms)
Completed 200 OK in 1082ms (Views: 35.7ms)


Started GET "/" for 127.0.0.1 at 2017-05-25 15:57:37 +0700
Processing by RecipesController#index as HTML
  Rendering recipes/index.html.erb within layouts/application
  Rendered recipes/index.html.erb within layouts/application (10.5ms)
Completed 200 OK in 1380ms (Views: 44.8ms)


Started GET "/" for 127.0.0.1 at 2017-05-25 15:57:41 +0700
Processing by RecipesController#index as HTML
  Rendering recipes/index.html.erb within layouts/application
  Rendered recipes/index.html.erb within layouts/application (9.6ms)
Completed 200 OK in 1235ms (Views: 43.9ms)


Started GET "/?search=mocha" for 127.0.0.1 at 2017-05-25 16:01:43 +0700
Processing by RecipesController#index as HTML
  Parameters: {"search"=>"mocha"}
  Rendering recipes/index.html.erb within layouts/application
  Rendered recipes/index.html.erb within layouts/application (3.5ms)
Completed 200 OK in 1963ms (Views: 214.9ms)


Started GET "/" for 127.0.0.1 at 2017-05-25 16:01:49 +0700
Processing by RecipesController#index as HTML
  Rendering recipes/index.html.erb within layouts/application
  Rendered recipes/index.html.erb within layouts/application (2.9ms)
Completed 200 OK in 1216ms (Views: 20.5ms)


Started GET "/" for 127.0.0.1 at 2017-05-25 16:01:51 +0700
Processing by RecipesController#index as HTML
  Rendering recipes/index.html.erb within layouts/application
  Rendered recipes/index.html.erb within layouts/application (3.9ms)
Completed 200 OK in 1211ms (Views: 29.3ms)


Started GET "/" for 127.0.0.1 at 2017-05-25 16:01:53 +0700
Processing by RecipesController#index as HTML
  Rendering recipes/index.html.erb within layouts/application
  Rendered recipes/index.html.erb within layouts/application (9.4ms)
Completed 200 OK in 1148ms (Views: 42.3ms)


Started GET "/" for 127.0.0.1 at 2017-05-25 16:01:54 +0700
Processing by RecipesController#index as HTML
  Rendering recipes/index.html.erb within layouts/application
  Rendered recipes/index.html.erb within layouts/application (4.7ms)
Completed 200 OK in 1191ms (Views: 36.0ms)


Started GET "/" for 127.0.0.1 at 2017-05-25 16:01:57 +0700
Processing by RecipesController#index as HTML
  Rendering recipes/index.html.erb within layouts/application
  Rendered recipes/index.html.erb within layouts/application (10.9ms)
Completed 200 OK in 1300ms (Views: 45.5ms)


Started GET "/" for 127.0.0.1 at 2017-05-25 16:06:17 +0700
Processing by RecipesController#index as HTML
  Rendering recipes/index.html.erb within layouts/application
  Rendered recipes/index.html.erb within layouts/application (4.5ms)
Completed 200 OK in 1481ms (Views: 224.1ms)


Started GET "/?search=mocha" for 127.0.0.1 at 2017-05-25 16:07:08 +0700
Processing by RecipesController#index as HTML
  Parameters: {"search"=>"mocha"}
  Rendering recipes/index.html.erb within layouts/application
  Rendered recipes/index.html.erb within layouts/application (8.9ms)
Completed 200 OK in 1531ms (Views: 34.1ms)


Started GET "/" for 127.0.0.1 at 2017-05-25 16:07:13 +0700
Processing by RecipesController#index as HTML
  Rendering recipes/index.html.erb within layouts/application
  Rendered recipes/index.html.erb within layouts/application (8.8ms)
Completed 200 OK in 1231ms (Views: 41.6ms)


Started GET "/" for 127.0.0.1 at 2017-05-25 16:07:16 +0700
Processing by RecipesController#index as HTML
  Rendering recipes/index.html.erb within layouts/application
  Rendered recipes/index.html.erb within layouts/application (5.2ms)
Completed 200 OK in 1147ms (Views: 30.8ms)


Started GET "/" for 127.0.0.1 at 2017-05-25 16:07:17 +0700
Processing by RecipesController#index as HTML
  Rendering recipes/index.html.erb within layouts/application
  Rendered recipes/index.html.erb within layouts/application (5.9ms)
Completed 200 OK in 1145ms (Views: 39.4ms)


Started GET "/" for 127.0.0.1 at 2017-05-25 16:07:18 +0700
Processing by RecipesController#index as HTML
  Rendering recipes/index.html.erb within layouts/application
  Rendered recipes/index.html.erb within layouts/application (14.7ms)
Completed 200 OK in 1104ms (Views: 50.9ms)


Started GET "/" for 127.0.0.1 at 2017-05-25 16:07:19 +0700
Processing by RecipesController#index as HTML
  Rendering recipes/index.html.erb within layouts/application
  Rendered recipes/index.html.erb within layouts/application (9.3ms)
Completed 200 OK in 1108ms (Views: 43.1ms)


Started GET "/?search=mocha" for 127.0.0.1 at 2017-05-25 16:09:44 +0700
Processing by RecipesController#index as HTML
  Parameters: {"search"=>"mocha"}
  Rendering recipes/index.html.erb within layouts/application
  Rendered recipes/index.html.erb within layouts/application (16.1ms)
Completed 200 OK in 2530ms (Views: 221.9ms)


Started GET "/" for 127.0.0.1 at 2017-05-25 16:09:49 +0700
Processing by RecipesController#index as HTML
  Rendering recipes/index.html.erb within layouts/application
  Rendered recipes/index.html.erb within layouts/application (12.0ms)
Completed 200 OK in 1091ms (Views: 31.6ms)


Started GET "/" for 127.0.0.1 at 2017-05-25 16:09:51 +0700
Processing by RecipesController#index as HTML
  Rendering recipes/index.html.erb within layouts/application
  Rendered recipes/index.html.erb within layouts/application (20.9ms)
Completed 200 OK in 1936ms (Views: 51.2ms)


Started GET "/" for 127.0.0.1 at 2017-05-25 16:09:53 +0700
Processing by RecipesController#index as HTML
  Rendering recipes/index.html.erb within layouts/application
  Rendered recipes/index.html.erb within layouts/application (20.7ms)
Completed 200 OK in 1251ms (Views: 48.1ms)


Started GET "/" for 127.0.0.1 at 2017-05-25 16:09:55 +0700
Processing by RecipesController#index as HTML
  Rendering recipes/index.html.erb within layouts/application
  Rendered recipes/index.html.erb within layouts/application (18.4ms)
Completed 200 OK in 1278ms (Views: 49.0ms)


Started GET "/" for 127.0.0.1 at 2017-05-25 16:09:56 +0700
Processing by RecipesController#index as HTML
  Rendering recipes/index.html.erb within layouts/application
  Rendered recipes/index.html.erb within layouts/application (13.5ms)
Completed 200 OK in 2576ms (Views: 33.8ms)


Started GET "/?search=mocha" for 127.0.0.1 at 2017-05-25 16:12:07 +0700
Processing by RecipesController#index as HTML
  Parameters: {"search"=>"mocha"}
Completed 500 Internal Server Error in 769ms


  
JSON::ParserError (795: unexpected token at 'FORBIDDEN'):
  
app/models/recipe.rb:14:in `for'
app/controllers/recipes_controller.rb:4:in `index'
Started GET "/" for 127.0.0.1 at 2017-05-25 16:12:10 +0700
Processing by RecipesController#index as HTML
Completed 500 Internal Server Error in 697ms


  
JSON::ParserError (795: unexpected token at 'FORBIDDEN'):
  
app/models/recipe.rb:14:in `for'
app/controllers/recipes_controller.rb:4:in `index'
Started GET "/" for 127.0.0.1 at 2017-05-25 16:12:13 +0700
Processing by RecipesController#index as HTML
Completed 500 Internal Server Error in 670ms


  
JSON::ParserError (795: unexpected token at 'FORBIDDEN'):
  
app/models/recipe.rb:14:in `for'
app/controllers/recipes_controller.rb:4:in `index'
Started GET "/" for 127.0.0.1 at 2017-05-25 16:12:16 +0700
Processing by RecipesController#index as HTML
Completed 500 Internal Server Error in 653ms


  
JSON::ParserError (795: unexpected token at 'FORBIDDEN'):
  
app/models/recipe.rb:14:in `for'
app/controllers/recipes_controller.rb:4:in `index'
Started GET "/" for 127.0.0.1 at 2017-05-25 16:12:19 +0700
Processing by RecipesController#index as HTML
Completed 500 Internal Server Error in 674ms


  
JSON::ParserError (795: unexpected token at 'FORBIDDEN'):
  
app/models/recipe.rb:14:in `for'
app/controllers/recipes_controller.rb:4:in `index'
Started GET "/" for 127.0.0.1 at 2017-05-25 16:12:22 +0700
Processing by RecipesController#index as HTML
Completed 500 Internal Server Error in 636ms


  
JSON::ParserError (795: unexpected token at 'FORBIDDEN'):
  
app/models/recipe.rb:14:in `for'
app/controllers/recipes_controller.rb:4:in `index'
Started GET "/" for 127.0.0.1 at 2017-05-25 16:20:48 +0700
Processing by RecipesController#index as HTML
Completed 500 Internal Server Error in 825ms


  
JSON::ParserError (795: unexpected token at 'FORBIDDEN'):
  
app/models/recipe.rb:15:in `for'
app/controllers/recipes_controller.rb:4:in `index'
Started GET "/" for 127.0.0.1 at 2017-05-25 16:23:18 +0700
Processing by RecipesController#index as HTML
  Rendering recipes/index.html.erb within layouts/application
  Rendered recipes/index.html.erb within layouts/application (18.4ms)
Completed 200 OK in 1698ms (Views: 240.0ms)


Started GET "/?search=mocha" for 127.0.0.1 at 2017-05-25 16:24:53 +0700
Processing by RecipesController#index as HTML
  Parameters: {"search"=>"mocha"}
  Rendering recipes/index.html.erb within layouts/application
  Rendered recipes/index.html.erb within layouts/application (19.7ms)
Completed 200 OK in 1400ms (Views: 41.1ms)


Started GET "/" for 127.0.0.1 at 2017-05-25 16:24:56 +0700
Processing by RecipesController#index as HTML
  Rendering recipes/index.html.erb within layouts/application
  Rendered recipes/index.html.erb within layouts/application (11.8ms)
Completed 200 OK in 1205ms (Views: 47.8ms)


Started GET "/" for 127.0.0.1 at 2017-05-25 16:24:59 +0700
Processing by RecipesController#index as HTML
  Rendering recipes/index.html.erb within layouts/application
  Rendered recipes/index.html.erb within layouts/application (25.9ms)
Completed 200 OK in 1179ms (Views: 57.0ms)


Started GET "/" for 127.0.0.1 at 2017-05-25 16:25:00 +0700
Processing by RecipesController#index as HTML
  Rendering recipes/index.html.erb within layouts/application
  Rendered recipes/index.html.erb within layouts/application (18.0ms)
Completed 200 OK in 1214ms (Views: 48.0ms)


Started GET "/" for 127.0.0.1 at 2017-05-25 16:25:01 +0700
Processing by RecipesController#index as HTML
  Rendering recipes/index.html.erb within layouts/application
  Rendered recipes/index.html.erb within layouts/application (18.4ms)
Completed 200 OK in 1839ms (Views: 41.1ms)


Started GET "/" for 127.0.0.1 at 2017-05-25 16:25:03 +0700
Processing by RecipesController#index as HTML
  Rendering recipes/index.html.erb within layouts/application
  Rendered recipes/index.html.erb within layouts/application (16.3ms)
Completed 200 OK in 1154ms (Views: 38.0ms)


Started GET "/?search=mocha" for 127.0.0.1 at 2017-05-25 16:25:41 +0700
Processing by RecipesController#index as HTML
  Parameters: {"search"=>"mocha"}
  Rendering recipes/index.html.erb within layouts/application
  Rendered recipes/index.html.erb within layouts/application (16.1ms)
Completed 200 OK in 1854ms (Views: 222.4ms)


Started GET "/" for 127.0.0.1 at 2017-05-25 16:25:44 +0700
Processing by RecipesController#index as HTML
  Rendering recipes/index.html.erb within layouts/application
  Rendered recipes/index.html.erb within layouts/application (11.0ms)
Completed 200 OK in 1280ms (Views: 29.8ms)


Started GET "/" for 127.0.0.1 at 2017-05-25 16:25:47 +0700
Processing by RecipesController#index as HTML
  Rendering recipes/index.html.erb within layouts/application
  Rendered recipes/index.html.erb within layouts/application (18.0ms)
Completed 200 OK in 1144ms (Views: 49.2ms)


Started GET "/" for 127.0.0.1 at 2017-05-25 16:25:48 +0700
Processing by RecipesController#index as HTML
  Rendering recipes/index.html.erb within layouts/application
  Rendered recipes/index.html.erb within layouts/application (23.4ms)
Completed 200 OK in 1151ms (Views: 53.2ms)


Started GET "/" for 127.0.0.1 at 2017-05-25 16:25:49 +0700
Processing by RecipesController#index as HTML
  Rendering recipes/index.html.erb within layouts/application
  Rendered recipes/index.html.erb within layouts/application (19.3ms)
Completed 200 OK in 1144ms (Views: 50.1ms)


Started GET "/" for 127.0.0.1 at 2017-05-25 16:25:51 +0700
Processing by RecipesController#index as HTML
  Rendering recipes/index.html.erb within layouts/application
  Rendered recipes/index.html.erb within layouts/application (20.2ms)
Completed 200 OK in 1114ms (Views: 43.4ms)


Started GET "/?search=mocha" for 127.0.0.1 at 2017-05-25 16:31:38 +0700
Processing by RecipesController#index as HTML
  Parameters: {"search"=>"mocha"}
  Rendering recipes/index.html.erb within layouts/application
  Rendered recipes/index.html.erb within layouts/application (15.6ms)
Completed 200 OK in 1733ms (Views: 215.1ms)


Started GET "/" for 127.0.0.1 at 2017-05-25 16:31:41 +0700
Processing by RecipesController#index as HTML
  Rendering recipes/index.html.erb within layouts/application
  Rendered recipes/index.html.erb within layouts/application (28.2ms)
Completed 200 OK in 2256ms (Views: 51.4ms)


Started GET "/" for 127.0.0.1 at 2017-05-25 16:31:45 +0700
Processing by RecipesController#index as HTML
  Rendering recipes/index.html.erb within layouts/application
  Rendered recipes/index.html.erb within layouts/application (20.7ms)
Completed 200 OK in 1173ms (Views: 61.1ms)


Started GET "/" for 127.0.0.1 at 2017-05-25 16:31:46 +0700
Processing by RecipesController#index as HTML
  Rendering recipes/index.html.erb within layouts/application
  Rendered recipes/index.html.erb within layouts/application (26.6ms)
Completed 200 OK in 1139ms (Views: 61.6ms)


Started GET "/" for 127.0.0.1 at 2017-05-25 16:31:47 +0700
Processing by RecipesController#index as HTML
  Rendering recipes/index.html.erb within layouts/application
  Rendered recipes/index.html.erb within layouts/application (19.5ms)
Completed 200 OK in 1128ms (Views: 52.4ms)


Started GET "/" for 127.0.0.1 at 2017-05-25 16:31:48 +0700
Processing by RecipesController#index as HTML
  Rendering recipes/index.html.erb within layouts/application
  Rendered recipes/index.html.erb within layouts/application (22.9ms)
Completed 200 OK in 1108ms (Views: 48.1ms)


Started GET "/?search=mocha" for 127.0.0.1 at 2017-05-25 16:35:04 +0700
Processing by RecipesController#index as HTML
  Parameters: {"search"=>"mocha"}
  Rendering recipes/index.html.erb within layouts/application
  Rendered recipes/index.html.erb within layouts/application (17.0ms)
Completed 200 OK in 1499ms (Views: 38.4ms)


Started GET "/" for 127.0.0.1 at 2017-05-25 16:35:07 +0700
Processing by RecipesController#index as HTML
  Rendering recipes/index.html.erb within layouts/application
  Rendered recipes/index.html.erb within layouts/application (18.4ms)
Completed 200 OK in 1143ms (Views: 37.3ms)


Started GET "/" for 127.0.0.1 at 2017-05-25 16:35:10 +0700
Processing by RecipesController#index as HTML
  Rendering recipes/index.html.erb within layouts/application
  Rendered recipes/index.html.erb within layouts/application (19.4ms)
Completed 200 OK in 1892ms (Views: 39.2ms)


Started GET "/" for 127.0.0.1 at 2017-05-25 16:35:12 +0700
Processing by RecipesController#index as HTML
  Rendering recipes/index.html.erb within layouts/application
  Rendered recipes/index.html.erb within layouts/application (10.1ms)
Completed 200 OK in 1215ms (Views: 27.6ms)


Started GET "/" for 127.0.0.1 at 2017-05-25 16:35:13 +0700
Processing by RecipesController#index as HTML
  Rendering recipes/index.html.erb within layouts/application
  Rendered recipes/index.html.erb within layouts/application (10.4ms)
Completed 200 OK in 1590ms (Views: 26.1ms)


Started GET "/" for 127.0.0.1 at 2017-05-25 16:35:15 +0700
Processing by RecipesController#index as HTML
  Rendering recipes/index.html.erb within layouts/application
  Rendered recipes/index.html.erb within layouts/application (18.0ms)
Completed 200 OK in 1189ms (Views: 42.9ms)


